========== SESSION STARTED 2017-04-05 15:22:59 +0300 ==========
root: 2017-04-05 15:23:03 +0300:  help
root: 2017-04-05 15:23:03 +0300:  Time: 15:23:03, file: /ruby/homeworks/day-4/yahor_skrabkou_l4.rb, ["help Print help information"]
root: 2017-04-05 15:23:03 +0300:  Time: 15:23:03, file: /ruby/homeworks/day-4/yahor_skrabkou_l4.rb, ["date Show current date"]
root: 2017-04-05 15:23:03 +0300:  Time: 15:23:03, file: /ruby/homeworks/day-4/yahor_skrabkou_l4.rb, ["uptime Tell how long the system has been running"]
root: 2017-04-05 15:23:03 +0300:  Time: 15:23:03, file: /ruby/homeworks/day-4/yahor_skrabkou_l4.rb, ["echo Display a line of text"]
root: 2017-04-05 15:23:03 +0300:  Time: 15:23:03, file: /ruby/homeworks/day-4/yahor_skrabkou_l4.rb, ["ping Send ICMP ECHO_REQUEST to network hosts"]
root: 2017-04-05 15:23:03 +0300:  Time: 15:23:03, file: /ruby/homeworks/day-4/yahor_skrabkou_l4.rb, ["exit Exit from script"]
root: 2017-04-05 15:23:04 +0300:  
root: 2017-04-05 15:23:04 +0300:  command not found...
root: 2017-04-05 15:23:04 +0300:  
root: 2017-04-05 15:23:04 +0300:  command not found...
root: 2017-04-05 15:23:05 +0300:  asfd
root: 2017-04-05 15:23:05 +0300:  command not found...
root: 2017-04-05 15:23:07 +0300:  exit
root: 2017-04-05 15:23:07 +0300:  Exited by command exit
========== SESSION STARTED 2017-04-05 15:29:29 +0300 ==========
root: 2017-04-05 15:29:31 +0300:  help
root: 2017-04-05 15:29:31 +0300:  Time: 15:29:31, file: /ruby/homeworks/day-4/yahor_skrabkou_l4.rb, ["help Print help information"]
root: 2017-04-05 15:29:31 +0300:  Time: 15:29:31, file: /ruby/homeworks/day-4/yahor_skrabkou_l4.rb, ["date Show current date"]
root: 2017-04-05 15:29:31 +0300:  Time: 15:29:31, file: /ruby/homeworks/day-4/yahor_skrabkou_l4.rb, ["uptime Tell how long the system has been running"]
root: 2017-04-05 15:29:31 +0300:  Time: 15:29:31, file: /ruby/homeworks/day-4/yahor_skrabkou_l4.rb, ["echo Display a line of text"]
root: 2017-04-05 15:29:31 +0300:  Time: 15:29:31, file: /ruby/homeworks/day-4/yahor_skrabkou_l4.rb, ["ping Send ICMP ECHO_REQUEST to network hosts"]
root: 2017-04-05 15:29:31 +0300:  Time: 15:29:31, file: /ruby/homeworks/day-4/yahor_skrabkou_l4.rb, ["exit Exit from script"]
root: 2017-04-05 15:29:34 +0300:  Good Bye!
========== SESSION STARTED 2017-04-05 15:34:50 +0300 ==========
root: 2017-04-05 15:34:53 +0300:  help
root: 2017-04-05 15:34:53 +0300:  Time: 15:34:53, file: /ruby/homeworks/day-4/yahor_skrabkou_l4.rb, ["help Print help information"]
root: 2017-04-05 15:34:53 +0300:  Time: 15:34:53, file: /ruby/homeworks/day-4/yahor_skrabkou_l4.rb, ["date Show current date"]
root: 2017-04-05 15:34:53 +0300:  Time: 15:34:53, file: /ruby/homeworks/day-4/yahor_skrabkou_l4.rb, ["uptime Tell how long the system has been running"]
root: 2017-04-05 15:34:53 +0300:  Time: 15:34:53, file: /ruby/homeworks/day-4/yahor_skrabkou_l4.rb, ["echo Display a line of text"]
root: 2017-04-05 15:34:53 +0300:  Time: 15:34:53, file: /ruby/homeworks/day-4/yahor_skrabkou_l4.rb, ["ping Send ICMP ECHO_REQUEST to network hosts"]
root: 2017-04-05 15:34:53 +0300:  Time: 15:34:53, file: /ruby/homeworks/day-4/yahor_skrabkou_l4.rb, ["exit Exit from script"]
========== SESSION STARTED 2017-04-05 15:42:33 +0300 ==========
root: 2017-04-05 15:42:36 +0300:  help
root: 2017-04-05 15:42:36 +0300:  Time: 15:42:36, file: /ruby/homeworks/day-4/yahor_skrabkou_l4.rb, ["help Print help information"]
root: 2017-04-05 15:42:36 +0300:  Time: 15:42:36, file: /ruby/homeworks/day-4/yahor_skrabkou_l4.rb, ["date Show current date"]
root: 2017-04-05 15:42:36 +0300:  Time: 15:42:36, file: /ruby/homeworks/day-4/yahor_skrabkou_l4.rb, ["uptime Tell how long the system has been running"]
root: 2017-04-05 15:42:36 +0300:  Time: 15:42:36, file: /ruby/homeworks/day-4/yahor_skrabkou_l4.rb, ["echo Display a line of text"]
root: 2017-04-05 15:42:36 +0300:  Time: 15:42:36, file: /ruby/homeworks/day-4/yahor_skrabkou_l4.rb, ["ping Send ICMP ECHO_REQUEST to network hosts"]
root: 2017-04-05 15:42:36 +0300:  Time: 15:42:36, file: /ruby/homeworks/day-4/yahor_skrabkou_l4.rb, ["exit Exit from script"]
========== SESSION STARTED 2017-04-05 15:44:54 +0300 ==========
root: 2017-04-05 15:44:56 +0300:  help
root: 2017-04-05 15:44:56 +0300:  Time: 15:44:56, file: /ruby/homeworks/day-4/yahor_skrabkou_l4.rb, ["help Print help information"]
root: 2017-04-05 15:44:56 +0300:  Time: 15:44:56, file: /ruby/homeworks/day-4/yahor_skrabkou_l4.rb, ["date Show current date"]
root: 2017-04-05 15:44:56 +0300:  Time: 15:44:56, file: /ruby/homeworks/day-4/yahor_skrabkou_l4.rb, ["uptime Tell how long the system has been running"]
root: 2017-04-05 15:44:56 +0300:  Time: 15:44:56, file: /ruby/homeworks/day-4/yahor_skrabkou_l4.rb, ["echo Display a line of text"]
root: 2017-04-05 15:44:56 +0300:  Time: 15:44:56, file: /ruby/homeworks/day-4/yahor_skrabkou_l4.rb, ["ping Send ICMP ECHO_REQUEST to network hosts"]
root: 2017-04-05 15:44:56 +0300:  Time: 15:44:56, file: /ruby/homeworks/day-4/yahor_skrabkou_l4.rb, ["exit Exit from script"]
root: 2017-04-05 15:45:02 +0300:  exit
root: 2017-04-05 15:45:02 +0300:  Exited by command exit
